1595860311974:help
1595860352995:table1
1595861824841:help
1595861831844:table2rows
1595861901884:table3rows
1595861950909:tabl1
1595861953909:table1
1595862463109:help
1595862475113:save recipe
1595862479116:save-recipe
1595862738361:help
1595862746365:save-recipe 1
1595862751366:save-recipe
1595862800676:help
1595862806680:save-recipe 1
1595862813685:save-recipe 2
1595862996165:save-recipe1
1595863002167:sace-recipe 1
1595863009170:save-recipe 1
1595863687146:help
1595865536952:СЂСѓРґР·
1595865539931:help
1595865547938:save-recipe 1
1595867083975:save-recipe 2
1595867086975:save-recipe 3
1595867090978:save-recipe 4
1595867094980:save-recipe 3
1595867272728:help
1595867278729:save-recipe 1
1595867753101:help
1595867763105:save-recipe 1
1595867766107:save-recipe 2
1595867770109:save-recipe 3
1595867774111:save-recipe 4
1595870399417:save
